<?xml version="1.0" encoding="UTF-8"?>
<robot generator="Robot 4.1.3 (Python 3.12.6 on darwin)" generated="20250605 18:10:29.619" rpa="false" schemaversion="2">
<suite id="s1" name="Call Test" source="/Users/phuc.vo/vsee/tests/call_test.robot">
<test id="s1-t1" name="User Chat Call Flow">
<kw name="Login As Provider" library="browser">
<arg>${ROOM_URL}</arg>
<arg>${PROVIDER_USERNAME}</arg>
<arg>${PROVIDER_PASSWORD}</arg>
<kw name="Open Browser" library="SeleniumLibrary">
<arg>${url}</arg>
<arg>chrome</arg>
<doc>Opens a new browser instance to the optional ``url``.</doc>
<msg timestamp="20250605 18:10:29.745" level="INFO">Opening browser 'chrome' to base url 'https://team.vsee.me/u/robin1'.</msg>
<status status="PASS" starttime="20250605 18:10:29.745" endtime="20250605 18:10:32.043"/>
</kw>
<kw name="Click Link" library="SeleniumLibrary">
<arg>/providers/login</arg>
<doc>Clicks a link identified by ``locator``.</doc>
<msg timestamp="20250605 18:10:32.044" level="INFO">Clicking link '/providers/login'.</msg>
<status status="PASS" starttime="20250605 18:10:32.044" endtime="20250605 18:10:33.468"/>
</kw>
<kw name="Input Text" library="SeleniumLibrary">
<arg>id=AppUserUsername</arg>
<arg>${username}</arg>
<doc>Types the given ``text`` into the text field identified by ``locator``.</doc>
<msg timestamp="20250605 18:10:33.469" level="INFO">Typing text 'nhuphuc1602@gmail.com' into text field 'id=AppUserUsername'.</msg>
<status status="PASS" starttime="20250605 18:10:33.469" endtime="20250605 18:10:33.567"/>
</kw>
<kw name="Input Text" library="SeleniumLibrary">
<arg>id=AppUserPassword</arg>
<arg>${password}</arg>
<doc>Types the given ``text`` into the text field identified by ``locator``.</doc>
<msg timestamp="20250605 18:10:33.568" level="INFO">Typing text '123@Hayhay' into text field 'id=AppUserPassword'.</msg>
<status status="PASS" starttime="20250605 18:10:33.567" endtime="20250605 18:10:33.599"/>
</kw>
<kw name="Click Button" library="SeleniumLibrary">
<arg>id=btnSignIn</arg>
<doc>Clicks the button identified by ``locator``.</doc>
<msg timestamp="20250605 18:10:33.600" level="INFO">Clicking button 'id=btnSignIn'.</msg>
<status status="PASS" starttime="20250605 18:10:33.599" endtime="20250605 18:10:33.636"/>
</kw>
<status status="PASS" starttime="20250605 18:10:29.745" endtime="20250605 18:10:33.636"/>
</kw>
<kw name="Login As Patient" library="browser">
<arg>${ROOM_URL}</arg>
<kw name="Open Browser" library="SeleniumLibrary">
<arg>${url}</arg>
<arg>chrome</arg>
<doc>Opens a new browser instance to the optional ``url``.</doc>
<msg timestamp="20250605 18:10:33.637" level="INFO">Opening browser 'chrome' to base url 'https://team.vsee.me/u/robin1'.</msg>
<status status="PASS" starttime="20250605 18:10:33.637" endtime="20250605 18:10:36.663"/>
</kw>
<kw name="Input Text" library="SeleniumLibrary">
<arg>id=jsonform-1-elt-first_name</arg>
<arg>phuc test</arg>
<doc>Types the given ``text`` into the text field identified by ``locator``.</doc>
<msg timestamp="20250605 18:10:36.665" level="INFO">Typing text 'phuc test' into text field 'id=jsonform-1-elt-first_name'.</msg>
<status status="PASS" starttime="20250605 18:10:36.664" endtime="20250605 18:10:36.767"/>
</kw>
<kw name="Input Text" library="SeleniumLibrary">
<arg>id=jsonform-1-elt-reason_for_visit</arg>
<arg>sick</arg>
<doc>Types the given ``text`` into the text field identified by ``locator``.</doc>
<msg timestamp="20250605 18:10:36.767" level="INFO">Typing text 'sick' into text field 'id=jsonform-1-elt-reason_for_visit'.</msg>
<status status="PASS" starttime="20250605 18:10:36.767" endtime="20250605 18:10:36.797"/>
</kw>
<kw name="Click Button" library="SeleniumLibrary">
<arg>id=jsonform-1-elt-consent</arg>
<doc>Clicks the button identified by ``locator``.</doc>
<msg timestamp="20250605 18:10:36.798" level="INFO">Clicking button 'id=jsonform-1-elt-consent'.</msg>
<status status="PASS" starttime="20250605 18:10:36.798" endtime="20250605 18:10:36.830"/>
</kw>
<kw name="Click Button" library="SeleniumLibrary">
<arg>xpath=//input[@type="submit"]</arg>
<doc>Clicks the button identified by ``locator``.</doc>
<msg timestamp="20250605 18:10:36.831" level="INFO">Clicking button 'xpath=//input[@type="submit"]'.</msg>
<status status="PASS" starttime="20250605 18:10:36.831" endtime="20250605 18:10:36.870"/>
</kw>
<kw name="Wait Until Element Is Visible" library="SeleniumLibrary">
<arg>xpath=//h3[text()='Continue on this browser']</arg>
<doc>Waits until the element ``locator`` is visible.</doc>
<status status="PASS" starttime="20250605 18:10:36.871" endtime="20250605 18:10:39.150"/>
</kw>
<kw name="Click Element" library="SeleniumLibrary">
<arg>xpath=//h3[text()='Continue on this browser']</arg>
<doc>Click the element identified by ``locator``.</doc>
<msg timestamp="20250605 18:10:39.151" level="INFO">Clicking element 'xpath=//h3[text()='Continue on this browser']'.</msg>
<status status="PASS" starttime="20250605 18:10:39.151" endtime="20250605 18:10:42.855"/>
</kw>
<kw name="Wait Until Element Is Visible" library="SeleniumLibrary">
<arg>xpath=//div[@id="ReminderModal"]//h4[@class="modal-title"]</arg>
<arg>15</arg>
<doc>Waits until the element ``locator`` is visible.</doc>
<status status="PASS" starttime="20250605 18:10:42.855" endtime="20250605 18:10:45.585"/>
</kw>
<kw name="Element Should Contain" library="SeleniumLibrary">
<arg>xpath=//div[@id="ReminderModal"]//h4[@class="modal-title"]</arg>
<arg>Welcome</arg>
<doc>Verifies that element ``locator`` contains text ``expected``.</doc>
<msg timestamp="20250605 18:10:45.596" level="INFO">Element 'xpath=//div[@id="ReminderModal"]//h4[@class="modal-title"]' contains text 'Welcome'.</msg>
<status status="PASS" starttime="20250605 18:10:45.586" endtime="20250605 18:10:45.596"/>
</kw>
<status status="PASS" starttime="20250605 18:10:33.637" endtime="20250605 18:10:45.596"/>
</kw>
<doc>Provider logs in, calls patient, sends message, ends call.</doc>
<status status="PASS" starttime="20250605 18:10:29.744" endtime="20250605 18:10:45.596"/>
</test>
<kw name="Close All Browsers" library="SeleniumLibrary" type="TEARDOWN">
<doc>Closes all open browsers and resets the browser cache.</doc>
<status status="PASS" starttime="20250605 18:10:45.597" endtime="20250605 18:10:45.796"/>
</kw>
<status status="PASS" starttime="20250605 18:10:29.621" endtime="20250605 18:10:45.797"/>
</suite>
<statistics>
<total>
<stat pass="1" fail="0" skip="0">All Tests</stat>
</total>
<tag>
</tag>
<suite>
<stat pass="1" fail="0" skip="0" id="s1" name="Call Test">Call Test</stat>
</suite>
</statistics>
<errors>
</errors>
</robot>
